{
  "RSpec": {
    "coverage": {
      "/Users/apprentice/Desktop/tech2me/app/controllers/application_controller.rb": [
        1,
        1,
        null
      ],
      "/Users/apprentice/Desktop/tech2me/app/helpers/application_helper.rb": [
        1,
        null
      ],
      "/Users/apprentice/Desktop/tech2me/app/controllers/questions_controller.rb": [
        1,
        null,
        1,
        1,
        null,
        null,
        1,
        2,
        2,
        null,
        null,
        1,
        1,
        null,
        null,
        null
      ],
      "/Users/apprentice/Desktop/tech2me/app/models/question.rb": [
        1,
        1,
        1,
        1,
        null
      ]
    },
    "timestamp": 1383181920
  }
}
